SF:lib/domain/usecases/search_series.dart
DA:9,1
DA:11,1
DA:12,2
LF:3
LH:3
end_of_record
SF:lib/domain/usecases/search_movies.dart
DA:9,1
DA:11,1
DA:12,2
LF:3
LH:3
end_of_record
SF:lib/presentation/bloc/bloc/search_state.dart
DA:4,1
DA:6,1
DA:7,1
DA:18,1
DA:20,1
DA:21,2
DA:26,1
DA:27,1
DA:28,2
DA:36,1
DA:43,1
DA:48,1
DA:49,1
DA:50,1
DA:51,1
DA:52,0
DA:56,1
DA:57,2
DA:65,1
DA:72,1
DA:77,1
DA:78,1
DA:79,1
DA:80,1
DA:81,0
DA:85,1
DA:86,2
LF:27
LH:25
end_of_record
SF:lib/presentation/bloc/bloc/search_event.dart
DA:4,1
DA:6,0
DA:7,0
DA:12,1
DA:13,0
DA:14,0
DA:19,1
DA:20,0
DA:21,0
DA:26,1
DA:27,0
DA:28,0
DA:33,1
DA:35,0
DA:36,0
DA:41,1
DA:43,0
DA:44,0
DA:48,1
DA:50,0
DA:51,0
DA:55,1
DA:57,0
DA:58,0
LF:24
LH:8
end_of_record
SF:lib/presentation/bloc/bloc/search_bloc.dart
DA:28,1
DA:36,2
DA:39,2
DA:42,2
DA:44,2
DA:45,2
DA:47,2
DA:49,2
DA:50,2
DA:51,1
DA:52,2
DA:56,2
DA:57,1
DA:61,2
DA:62,2
DA:64,2
DA:65,3
DA:66,1
DA:67,2
DA:69,1
DA:72,1
DA:74,2
DA:75,1
DA:77,2
DA:78,2
DA:79,2
DA:80,3
DA:81,1
DA:82,2
DA:86,1
DA:88,2
DA:89,3
DA:90,2
DA:91,3
DA:92,1
DA:93,1
DA:95,3
DA:99,1
DA:100,2
DA:102,1
DA:108,2
DA:109,3
DA:110,2
DA:111,3
DA:112,1
DA:113,1
DA:115,3
DA:119,1
DA:120,2
DA:122,1
DA:128,2
DA:129,2
DA:134,2
DA:135,2
DA:137,1
DA:138,2
DA:140,2
DA:143,2
DA:144,1
DA:146,3
DA:150,1
DA:151,1
DA:152,1
DA:153,3
DA:161,1
DA:163,2
DA:164,2
DA:169,2
DA:170,2
DA:172,1
DA:173,2
DA:175,2
DA:178,2
DA:179,1
DA:181,3
DA:185,1
DA:186,1
DA:187,1
DA:188,3
DA:196,1
LF:80
LH:80
end_of_record
