SF:lib\data\datasources\remote\series_remote_data_source.dart
DA:22,1
DA:24,1
DA:27,4
DA:28,2
DA:29,4
DA:31,1
DA:35,1
DA:38,4
DA:39,2
DA:40,4
DA:42,1
DA:46,1
DA:48,4
DA:49,2
DA:50,3
DA:52,1
DA:56,1
DA:59,4
DA:60,2
DA:61,4
DA:63,1
DA:67,1
DA:69,1
DA:70,3
DA:71,2
DA:72,4
DA:74,1
DA:78,1
DA:80,1
DA:81,3
DA:82,2
DA:83,4
DA:85,1
LF:33
LH:33
end_of_record
SF:lib\data\models\series_detail_model.dart
DA:7,2
DA:75,1
DA:76,1
DA:77,1
DA:78,1
DA:79,1
DA:80,4
DA:81,4
DA:82,1
DA:83,1
DA:84,4
DA:85,1
DA:86,1
DA:87,1
DA:88,4
DA:89,1
DA:91,2
DA:92,1
DA:93,1
DA:94,2
DA:97,5
DA:98,1
DA:99,1
DA:100,4
DA:101,1
DA:102,1
DA:103,1
DA:104,2
DA:105,1
DA:106,1
DA:107,4
DA:108,1
DA:109,1
DA:110,3
DA:111,1
DA:112,4
DA:113,1
DA:114,4
DA:115,1
DA:116,1
DA:117,1
DA:118,2
DA:119,1
DA:122,0
DA:123,0
DA:124,0
DA:125,0
DA:126,0
DA:127,0
DA:128,0
DA:129,0
DA:130,0
DA:131,0
DA:132,0
DA:133,0
DA:134,0
DA:135,0
DA:136,0
DA:137,0
DA:138,0
DA:139,0
DA:140,0
DA:141,0
DA:142,0
DA:143,0
DA:144,0
DA:145,0
DA:147,0
DA:149,0
DA:150,0
DA:152,0
DA:153,0
DA:154,0
DA:155,0
DA:156,0
DA:157,0
DA:160,1
DA:161,1
DA:162,1
DA:163,1
DA:164,5
DA:165,1
DA:166,1
DA:167,1
DA:168,1
DA:169,1
DA:170,1
DA:171,1
DA:172,5
DA:176,1
DA:178,1
DA:179,1
DA:180,1
DA:181,1
DA:182,1
DA:183,1
DA:184,1
DA:185,1
DA:186,1
DA:187,1
DA:188,1
DA:189,1
DA:190,1
DA:191,1
DA:192,1
DA:193,1
DA:194,1
DA:195,1
DA:196,1
DA:197,1
DA:198,1
DA:199,1
DA:200,1
DA:201,1
DA:202,1
DA:203,1
DA:204,1
DA:205,1
DA:206,1
DA:207,1
DA:208,1
DA:213,2
DA:227,2
DA:228,1
DA:229,1
DA:230,1
DA:231,1
DA:232,1
DA:235,0
DA:236,0
DA:237,0
DA:238,0
DA:239,0
DA:240,0
DA:243,1
DA:244,1
DA:245,1
DA:246,1
DA:247,1
DA:248,1
DA:249,1
DA:254,2
DA:282,1
DA:283,1
DA:284,1
DA:285,1
DA:286,1
DA:287,1
DA:288,1
DA:289,1
DA:290,1
DA:291,1
DA:292,1
DA:293,1
DA:294,2
DA:295,1
DA:298,0
DA:299,0
DA:300,0
DA:301,0
DA:302,0
DA:303,0
DA:304,0
DA:305,0
DA:306,0
DA:307,0
DA:308,0
DA:309,0
DA:310,0
DA:313,1
DA:314,1
DA:315,1
DA:316,1
DA:317,1
DA:318,1
DA:319,1
DA:320,1
DA:321,1
DA:322,1
DA:323,1
DA:324,1
DA:325,1
DA:326,1
DA:331,2
DA:343,2
DA:344,1
DA:345,1
DA:346,2
DA:347,1
DA:350,0
DA:351,0
DA:352,0
DA:353,0
DA:354,0
DA:357,1
DA:358,1
DA:359,1
DA:360,1
DA:361,1
DA:362,1
DA:367,2
DA:375,1
DA:376,1
DA:377,1
DA:378,1
DA:381,0
DA:382,0
DA:383,0
DA:386,1
DA:387,1
DA:388,1
DA:389,1
DA:394,2
DA:412,2
DA:413,1
DA:414,1
DA:415,1
DA:416,1
DA:417,1
DA:418,1
DA:419,1
DA:422,0
DA:423,0
DA:424,0
DA:425,0
DA:426,0
DA:427,0
DA:428,0
DA:429,0
DA:432,1
DA:433,1
DA:434,1
DA:435,1
DA:436,1
DA:437,1
DA:438,1
DA:439,1
DA:440,1
DA:444,1
DA:445,1
DA:446,1
DA:447,1
DA:448,1
DA:449,1
DA:450,1
DA:451,1
DA:452,1
DA:457,2
DA:467,2
DA:468,1
DA:469,1
DA:470,1
DA:473,0
DA:474,0
DA:475,0
DA:476,0
DA:479,1
DA:480,1
DA:481,1
DA:482,1
DA:483,1
DA:488,2
DA:516,1
DA:517,1
DA:518,1
DA:519,1
DA:520,1
DA:521,1
DA:522,1
DA:523,1
DA:524,1
DA:525,1
DA:526,1
DA:527,1
DA:528,1
DA:529,1
DA:532,0
DA:533,0
DA:534,0
DA:535,0
DA:536,0
DA:537,0
DA:538,0
DA:539,0
DA:540,0
DA:541,0
DA:542,0
DA:543,0
DA:544,0
DA:547,1
DA:548,1
DA:549,1
DA:550,1
DA:551,1
DA:552,1
DA:553,1
DA:554,1
DA:555,1
DA:556,1
DA:557,1
DA:558,1
DA:559,1
DA:560,1
LF:303
LH:218
end_of_record
SF:lib\data\models\series_response.dart
DA:7,2
DA:11,4
DA:12,4
DA:13,6
DA:14,6
DA:17,2
DA:18,5
DA:21,1
DA:22,2
LF:9
LH:9
end_of_record
SF:lib\domain\entities\series_detail.dart
DA:5,5
DA:31,2
DA:32,2
DA:33,2
DA:34,2
DA:35,2
DA:36,2
DA:37,2
DA:38,2
DA:39,2
DA:40,2
DA:41,2
DA:42,2
DA:47,5
DA:65,0
DA:66,0
DA:67,0
DA:68,0
DA:69,0
DA:70,0
DA:71,0
DA:72,0
DA:73,0
LF:23
LH:14
end_of_record
SF:lib\data\datasources\local\series_local_data_source.dart
DA:21,1
DA:23,1
DA:26,2
DA:29,2
DA:33,1
DA:36,2
DA:39,2
DA:43,0
DA:45,0
DA:46,0
DA:49,1
DA:51,2
DA:52,2
DA:56,1
DA:58,1
DA:59,1
DA:60,2
DA:61,4
DA:63,1
DA:67,1
DA:69,2
DA:70,2
DA:74,1
DA:76,2
DA:77,2
DA:81,1
DA:84,2
DA:85,2
DA:86,4
DA:88,1
DA:92,1
DA:95,2
DA:96,2
DA:97,4
DA:99,1
LF:35
LH:32
end_of_record
SF:lib\data\models\series_table.dart
DA:12,2
DA:19,0
DA:20,0
DA:21,0
DA:22,0
DA:23,0
DA:26,2
DA:27,1
DA:28,1
DA:29,1
DA:30,1
DA:33,2
DA:34,1
DA:35,1
DA:36,1
DA:37,1
DA:40,2
DA:41,1
DA:42,1
DA:43,1
DA:44,1
DA:47,2
DA:49,10
LF:23
LH:18
end_of_record
SF:lib\data\models\series_model.dart
DA:20,4
DA:36,4
DA:37,2
DA:38,2
DA:39,8
DA:40,2
DA:41,2
DA:42,8
DA:43,2
DA:44,2
DA:45,2
DA:46,2
DA:47,2
DA:48,2
DA:49,2
DA:52,2
DA:53,1
DA:54,1
DA:55,4
DA:56,1
DA:57,1
DA:58,1
DA:59,1
DA:60,1
DA:61,1
DA:62,1
DA:63,4
DA:64,1
DA:65,1
DA:68,2
DA:69,2
DA:70,2
DA:71,2
DA:72,2
DA:73,2
DA:74,2
DA:75,2
DA:76,2
DA:77,2
DA:78,2
DA:79,2
DA:80,2
DA:81,2
DA:82,2
DA:86,2
DA:87,2
DA:88,2
DA:89,2
DA:90,2
DA:91,2
DA:92,2
DA:93,2
DA:94,2
DA:95,2
DA:96,2
DA:97,2
DA:98,2
DA:99,2
DA:100,2
LF:59
LH:59
end_of_record
SF:lib\domain\entities\series.dart
DA:18,5
DA:34,1
DA:41,5
DA:42,5
DA:43,5
DA:44,5
DA:45,5
DA:46,5
DA:47,5
DA:48,5
DA:49,5
DA:50,5
DA:51,5
DA:52,5
DA:53,5
DA:54,5
DA:55,5
LF:17
LH:17
end_of_record
SF:lib\data\repositories\series_repository_impl.dart
DA:18,1
DA:24,1
DA:26,2
DA:28,2
DA:29,2
DA:30,4
DA:31,5
DA:32,1
DA:33,2
DA:34,0
DA:35,0
DA:39,2
DA:40,5
DA:41,1
DA:42,3
DA:47,1
DA:49,2
DA:51,2
DA:52,2
DA:53,4
DA:54,5
DA:55,1
DA:56,1
DA:57,1
DA:59,0
DA:60,0
DA:61,0
DA:66,2
DA:67,5
DA:68,1
DA:69,3
DA:74,1
DA:77,2
DA:78,2
DA:79,1
DA:80,1
DA:81,1
DA:83,1
DA:84,1
DA:85,1
DA:90,1
DA:92,2
DA:94,2
DA:95,2
DA:96,4
DA:97,5
DA:98,1
DA:99,1
DA:100,1
DA:102,0
DA:103,0
DA:107,2
DA:108,5
DA:109,1
DA:110,3
DA:115,1
DA:118,1
DA:119,2
DA:120,1
DA:121,1
DA:122,3
DA:126,1
DA:129,1
DA:130,2
DA:131,1
DA:132,1
DA:133,3
DA:139,1
DA:142,2
DA:143,5
DA:144,1
DA:145,2
DA:146,1
DA:147,1
DA:148,1
DA:153,1
DA:156,2
DA:157,3
DA:158,1
DA:159,2
DA:160,1
DA:161,1
DA:162,1
LF:83
LH:76
end_of_record
SF:lib\domain\usecases\get_now_playing_series.dart
DA:10,1
DA:12,1
DA:13,2
LF:3
LH:3
end_of_record
SF:lib\domain\usecases\get_popular_series.dart
DA:10,1
DA:12,1
DA:13,2
LF:3
LH:3
end_of_record
SF:lib\domain\usecases\get_series_detail.dart
DA:9,1
DA:11,1
DA:12,2
LF:3
LH:3
end_of_record
SF:lib\domain\usecases\get_top_rated_series.dart
DA:10,1
DA:12,1
DA:13,2
LF:3
LH:3
end_of_record
SF:lib\domain\usecases\remove_watchlist_series.dart
DA:10,1
DA:12,1
DA:13,2
LF:3
LH:3
end_of_record
SF:lib\presentation\bloc\series_popular\popular_series_bloc.dart
DA:13,3
DA:14,2
DA:15,2
DA:16,2
DA:17,1
DA:18,2
DA:19,2
DA:21,2
DA:22,1
LF:9
LH:9
end_of_record
SF:lib\presentation\bloc\series_popular\popular_series_event.dart
DA:5,0
DA:6,0
DA:10,1
DA:12,0
DA:13,0
LF:5
LH:1
end_of_record
SF:lib\presentation\bloc\series_popular\popular_series_state.dart
DA:5,1
DA:6,1
DA:15,1
DA:16,1
DA:17,2
DA:22,1
DA:24,1
DA:25,2
LF:8
LH:8
end_of_record
SF:lib\presentation\bloc\series_top_rated\top_rated_series_bloc.dart
DA:14,3
DA:15,2
DA:16,2
DA:17,2
DA:18,1
DA:19,2
DA:20,2
DA:22,2
DA:23,1
LF:9
LH:9
end_of_record
SF:lib\presentation\bloc\series_top_rated\top_rated_series_event.dart
DA:5,0
DA:6,0
DA:10,1
DA:12,0
DA:13,0
LF:5
LH:1
end_of_record
SF:lib\presentation\bloc\series_top_rated\top_rated_series_state.dart
DA:5,1
DA:6,1
DA:15,1
DA:16,1
DA:17,2
DA:22,1
DA:24,1
DA:25,2
LF:8
LH:8
end_of_record
SF:lib\domain\usecases\get_series_recommendations.dart
DA:9,1
DA:11,1
DA:12,2
LF:3
LH:3
end_of_record
SF:lib\domain\usecases\save_watchlist_series.dart
DA:10,1
DA:12,1
DA:13,2
LF:3
LH:3
end_of_record
SF:lib\presentation\bloc\series_detail\series_detail_state.dart
DA:21,7
DA:30,1
DA:39,1
DA:47,1
DA:48,1
DA:49,1
DA:50,1
DA:51,1
DA:52,1
DA:53,1
DA:57,1
DA:58,1
DA:59,1
DA:60,1
DA:61,1
DA:62,1
DA:63,1
DA:64,1
LF:18
LH:18
end_of_record
SF:lib\presentation\bloc\series_detail\series_detail_bloc.dart
DA:26,1
DA:32,2
DA:33,2
DA:34,3
DA:35,3
DA:37,3
DA:39,1
DA:40,4
DA:41,1
DA:44,1
DA:45,1
DA:46,2
DA:47,2
DA:48,1
DA:52,2
DA:53,2
DA:64,2
DA:65,3
DA:66,1
DA:67,2
DA:71,2
DA:72,3
DA:73,1
DA:74,2
DA:75,3
DA:77,1
DA:78,3
DA:86,2
DA:87,3
DA:88,1
DA:89,2
DA:90,3
DA:92,1
DA:93,3
DA:94,4
LF:35
LH:35
end_of_record
SF:lib\presentation\bloc\series_detail\series_detail_event.dart
DA:5,0
DA:6,0
DA:11,1
DA:12,0
DA:13,0
DA:18,1
DA:20,0
DA:21,0
DA:26,1
DA:27,0
DA:28,0
DA:33,1
DA:34,0
DA:35,0
LF:14
LH:4
end_of_record
SF:lib\presentation\bloc\series_now_playing\now_playing_series_bloc.dart
DA:14,1
DA:15,2
DA:16,2
DA:17,2
DA:18,2
DA:19,1
DA:20,2
DA:21,2
DA:23,2
DA:24,1
LF:10
LH:10
end_of_record
SF:lib\presentation\bloc\series_now_playing\now_playing_series_state.dart
DA:5,1
DA:6,1
DA:15,1
DA:16,1
DA:17,2
DA:22,1
DA:24,1
DA:25,2
LF:8
LH:8
end_of_record
SF:lib\presentation\bloc\series_now_playing\now_playing_series_event.dart
DA:5,0
DA:6,0
DA:10,1
DA:12,0
DA:13,0
LF:5
LH:1
end_of_record
