SF:lib/data/datasources/remote/movie_remote_data_source.dart
DA:36,1
DA:38,1
DA:42,1
DA:43,3
DA:45,2
DA:46,4
DA:48,1
DA:52,1
DA:55,4
DA:57,2
DA:58,3
DA:60,1
DA:64,1
DA:66,1
DA:67,3
DA:69,2
DA:70,4
DA:72,1
DA:76,1
DA:80,1
DA:81,3
DA:83,2
DA:84,4
DA:86,1
DA:90,1
DA:94,1
DA:95,3
DA:97,2
DA:98,4
DA:100,1
DA:104,1
DA:109,2
DA:110,2
DA:112,2
DA:113,4
DA:115,1
DA:119,1
DA:121,3
DA:122,1
DA:123,2
DA:124,4
DA:126,1
DA:130,1
DA:132,1
DA:133,3
DA:134,2
DA:135,4
DA:137,1
LF:48
LH:48
end_of_record
SF:lib/data/model/movie_detail_model.dart
DA:7,3
DA:53,1
DA:54,1
DA:55,1
DA:56,1
DA:57,1
DA:58,1
DA:59,4
DA:60,1
DA:61,1
DA:62,1
DA:63,1
DA:64,1
DA:65,1
DA:66,2
DA:67,1
DA:68,1
DA:69,1
DA:70,1
DA:71,1
DA:72,1
DA:73,1
DA:74,1
DA:75,2
DA:76,1
DA:79,2
DA:80,1
DA:81,1
DA:82,1
DA:83,5
DA:84,1
DA:85,1
DA:86,1
DA:87,1
DA:88,1
DA:89,1
DA:90,1
DA:91,1
DA:92,1
DA:93,1
DA:94,1
DA:95,1
DA:96,1
DA:97,1
DA:98,1
DA:99,1
DA:100,1
DA:103,1
DA:104,1
DA:105,1
DA:106,1
DA:107,5
DA:108,1
DA:109,1
DA:110,1
DA:111,1
DA:112,1
DA:113,1
DA:114,1
DA:115,1
DA:116,1
DA:120,1
DA:122,1
DA:123,1
DA:124,1
DA:125,1
DA:126,1
DA:127,1
DA:128,1
DA:129,1
DA:130,1
DA:131,1
DA:132,1
DA:133,1
DA:134,1
DA:135,1
DA:136,1
DA:137,1
DA:138,1
DA:139,1
DA:140,1
DA:141,1
DA:142,1
DA:143,1
LF:84
LH:84
end_of_record
SF:lib/data/model/movie_response.dart
DA:8,2
DA:10,4
DA:11,4
DA:12,6
DA:13,6
DA:16,2
DA:17,5
DA:20,1
DA:21,2
LF:9
LH:9
end_of_record
SF:lib/data/model/movie_model.dart
DA:6,4
DA:36,4
DA:37,2
DA:38,2
DA:39,8
DA:40,2
DA:41,2
DA:42,2
DA:43,4
DA:44,2
DA:45,2
DA:46,2
DA:47,2
DA:48,4
DA:49,2
DA:52,2
DA:53,1
DA:54,1
DA:55,4
DA:56,1
DA:57,1
DA:58,1
DA:59,1
DA:60,1
DA:61,1
DA:62,1
DA:63,1
DA:64,1
DA:65,1
DA:68,2
DA:69,2
DA:70,2
DA:71,2
DA:72,2
DA:73,2
DA:74,2
DA:75,2
DA:76,2
DA:77,2
DA:78,2
DA:79,2
DA:80,2
DA:81,2
DA:82,2
DA:86,2
DA:87,2
DA:88,2
DA:89,2
DA:90,2
DA:91,2
DA:92,2
DA:93,2
DA:94,2
DA:95,2
DA:96,2
DA:97,2
DA:98,2
DA:99,2
DA:100,2
LF:59
LH:59
end_of_record
SF:lib/domain/entities/movie_detail.dart
DA:6,5
DA:34,2
DA:35,2
DA:36,2
DA:37,2
DA:38,2
DA:39,2
DA:40,2
DA:41,2
DA:42,2
DA:43,2
DA:44,2
DA:45,2
DA:46,2
LF:14
LH:14
end_of_record
SF:lib/domain/entities/movie.dart
DA:4,5
DA:20,1
DA:41,5
DA:42,5
DA:43,5
DA:44,5
DA:45,5
DA:46,5
DA:47,5
DA:48,5
DA:49,5
DA:50,5
DA:51,5
DA:52,5
DA:53,5
DA:54,5
DA:55,5
LF:17
LH:17
end_of_record
SF:lib/data/datasources/local/movie_local_data_source.dart
DA:20,1
DA:22,1
DA:25,2
DA:28,2
DA:32,1
DA:35,2
DA:38,2
DA:42,1
DA:44,2
DA:45,2
DA:49,1
DA:51,1
DA:52,1
DA:53,2
DA:54,4
DA:56,1
DA:60,1
DA:62,2
DA:63,2
DA:67,1
DA:70,2
DA:71,2
DA:72,4
DA:74,1
DA:78,1
DA:80,2
DA:81,2
DA:85,1
DA:88,2
DA:89,2
DA:90,4
DA:92,1
LF:32
LH:32
end_of_record
SF:lib/data/model/movie_table.dart
DA:12,3
DA:19,2
DA:20,1
DA:21,1
DA:22,1
DA:23,1
DA:26,2
DA:27,1
DA:28,1
DA:29,1
DA:30,1
DA:33,2
DA:34,1
DA:35,1
DA:36,1
DA:37,1
DA:40,2
DA:41,1
DA:42,1
DA:43,1
DA:44,1
DA:47,2
DA:49,10
LF:23
LH:23
end_of_record
SF:lib/data/repositories/movie_repository_impl.dart
DA:21,1
DA:27,1
DA:31,2
DA:33,2
DA:34,1
DA:35,2
DA:36,4
DA:38,5
DA:39,1
DA:40,2
DA:41,1
DA:42,0
DA:43,1
DA:44,2
DA:48,2
DA:49,5
DA:50,1
DA:51,3
DA:56,1
DA:59,2
DA:60,2
DA:61,1
DA:62,2
DA:63,1
DA:64,2
DA:68,1
DA:71,2
DA:72,3
DA:73,1
DA:74,2
DA:75,1
DA:76,2
DA:80,1
DA:82,2
DA:84,2
DA:87,1
DA:88,2
DA:89,4
DA:91,5
DA:92,1
DA:93,2
DA:94,1
DA:95,2
DA:96,1
DA:97,2
DA:101,2
DA:102,5
DA:103,1
DA:104,3
DA:109,1
DA:111,2
DA:113,2
DA:116,1
DA:117,2
DA:118,4
DA:120,5
DA:121,1
DA:122,2
DA:123,1
DA:124,2
DA:125,1
DA:126,2
DA:130,2
DA:131,5
DA:132,1
DA:133,3
DA:138,1
DA:144,2
DA:145,5
DA:146,1
DA:147,2
DA:148,1
DA:149,2
DA:153,1
DA:156,1
DA:157,2
DA:158,1
DA:159,1
DA:160,3
DA:166,1
DA:169,1
DA:170,2
DA:171,1
DA:172,1
DA:173,3
DA:177,1
DA:181,2
DA:182,5
DA:183,1
DA:184,2
DA:185,1
DA:186,2
DA:190,1
DA:193,2
DA:194,5
DA:195,1
DA:196,2
DA:197,1
DA:198,2
LF:99
LH:98
end_of_record
SF:lib/domain/usecases/get_movie_detail.dart
DA:10,1
DA:12,1
DA:13,2
LF:3
LH:3
end_of_record
SF:lib/domain/usecases/get_movie_recommendations.dart
DA:10,1
DA:12,1
DA:13,2
LF:3
LH:3
end_of_record
SF:lib/domain/usecases/remove_watchlist_movie.dart
DA:9,1
DA:11,1
DA:12,2
LF:3
LH:3
end_of_record
SF:lib/domain/usecases/save_watchlist_movie.dart
DA:9,1
DA:11,1
DA:12,2
LF:3
LH:3
end_of_record
SF:lib/presentation/bloc/movie_detail/movie_detail_event.dart
DA:5,1
DA:7,0
DA:8,0
DA:13,1
DA:15,0
DA:16,0
DA:21,1
DA:23,0
DA:24,0
DA:29,1
DA:30,0
DA:31,0
DA:36,1
DA:37,0
DA:38,0
LF:15
LH:5
end_of_record
SF:lib/presentation/bloc/movie_detail/movie_detail_state.dart
DA:12,1
DA:21,1
DA:29,1
DA:30,1
DA:31,1
DA:32,1
DA:33,1
DA:34,1
DA:35,1
DA:39,1
DA:40,1
DA:41,1
DA:42,1
DA:43,1
DA:44,1
DA:45,1
DA:46,1
LF:17
LH:17
end_of_record
SF:lib/presentation/bloc/movie_detail/movie_detail_bloc.dart
DA:27,1
DA:33,2
DA:34,2
DA:35,1
DA:37,3
DA:39,2
DA:41,2
DA:42,2
DA:44,1
DA:45,1
DA:46,3
DA:48,1
DA:51,1
DA:52,1
DA:53,1
DA:54,3
DA:56,1
DA:59,1
DA:60,1
DA:61,2
DA:74,2
DA:75,1
DA:76,2
DA:78,1
DA:79,1
DA:80,1
DA:81,3
DA:84,1
DA:85,3
DA:93,2
DA:94,1
DA:95,2
DA:97,1
DA:98,1
DA:99,1
DA:100,3
DA:103,1
DA:104,3
DA:107,3
DA:112,1
DA:113,1
DA:114,3
DA:115,3
LF:43
LH:43
end_of_record
SF:lib/domain/usecases/get_now_playing_movies.dart
DA:10,1
DA:12,1
DA:15,2
LF:3
LH:3
end_of_record
SF:lib/presentation/bloc/now_playing_movie/now_playing_movie_event.dart
DA:5,0
DA:6,0
DA:10,1
DA:11,0
DA:12,0
DA:16,0
DA:17,0
DA:18,0
LF:8
LH:1
end_of_record
SF:lib/presentation/bloc/now_playing_movie/now_playing_movie_state.dart
DA:52,2
DA:54,1
DA:55,1
DA:65,2
DA:67,1
DA:68,2
DA:75,1
DA:80,1
DA:84,1
DA:85,1
DA:86,0
DA:90,1
DA:91,3
LF:13
LH:12
end_of_record
SF:lib/presentation/bloc/now_playing_movie/now_playing_movie_bloc.dart
DA:17,1
DA:20,2
DA:70,2
DA:71,2
DA:74,2
DA:75,2
DA:76,2
DA:77,2
DA:78,3
DA:79,1
DA:80,2
DA:85,2
DA:86,1
DA:87,2
DA:88,2
DA:89,1
DA:90,1
DA:91,1
DA:94,1
DA:95,1
DA:97,2
DA:98,1
DA:100,2
DA:101,3
DA:108,0
DA:109,0
DA:110,0
DA:115,1
LF:28
LH:25
end_of_record
SF:lib/domain/usecases/get_top_rated_movies.dart
DA:10,1
DA:12,1
DA:15,2
LF:3
LH:3
end_of_record
SF:lib/presentation/bloc/top_rated_movie/top_rated_movie_event.dart
DA:5,0
DA:6,0
DA:10,1
DA:11,0
DA:12,0
LF:5
LH:1
end_of_record
SF:lib/presentation/bloc/top_rated_movie/top_rated_movie_state.dart
DA:5,1
DA:6,1
DA:13,1
DA:14,1
DA:15,2
DA:22,1
DA:23,1
DA:24,2
LF:8
LH:8
end_of_record
SF:lib/presentation/bloc/top_rated_movie/top_rated_movie_bloc.dart
DA:13,3
DA:14,2
DA:15,2
DA:16,2
DA:17,1
DA:18,2
DA:19,2
DA:21,2
DA:22,1
LF:9
LH:9
end_of_record
SF:lib/domain/usecases/get_popular_movies.dart
DA:10,1
DA:12,1
DA:13,2
LF:3
LH:3
end_of_record
SF:lib/presentation/bloc/popular_movie/popular_movie_state.dart
DA:5,1
DA:7,1
DA:8,1
DA:18,1
DA:20,1
DA:21,2
DA:28,1
DA:33,1
DA:37,1
DA:38,1
DA:39,0
DA:43,1
DA:44,3
LF:13
LH:12
end_of_record
SF:lib/presentation/bloc/popular_movie/popular_movie_bloc.dart
DA:15,1
DA:18,2
DA:22,2
DA:23,2
DA:26,2
DA:27,2
DA:28,2
DA:29,2
DA:30,3
DA:31,1
DA:32,2
DA:37,2
DA:38,1
DA:39,2
DA:40,1
DA:41,0
DA:42,0
DA:43,0
DA:46,1
DA:47,1
DA:49,2
DA:50,1
DA:52,0
DA:53,0
DA:60,0
DA:61,0
DA:62,0
DA:67,1
LF:28
LH:20
end_of_record
SF:lib/presentation/bloc/popular_movie/popular_movie_event.dart
DA:5,0
DA:6,0
DA:10,1
DA:11,0
DA:12,0
DA:16,0
DA:17,0
DA:18,0
LF:8
LH:1
end_of_record
