SF:lib\data\datasources\local\series_local_data_source.dart
DA:20,1
DA:22,1
DA:25,2
DA:28,2
DA:32,1
DA:35,2
DA:38,2
DA:42,1
DA:44,2
DA:45,2
DA:49,1
DA:51,1
DA:52,1
DA:53,2
DA:54,4
DA:56,1
DA:60,1
DA:62,2
DA:63,2
DA:67,1
DA:69,2
DA:70,2
DA:74,1
DA:77,2
DA:78,2
DA:79,4
DA:81,1
DA:85,1
DA:88,2
DA:89,2
DA:90,4
DA:92,1
LF:32
LH:32
end_of_record
SF:lib\data\models\series_table.dart
DA:12,3
DA:19,2
DA:20,1
DA:21,1
DA:22,1
DA:23,1
DA:26,2
DA:27,1
DA:28,1
DA:29,1
DA:30,1
DA:33,2
DA:34,1
DA:35,1
DA:36,1
DA:37,1
DA:40,2
DA:41,1
DA:42,1
DA:43,1
DA:44,1
DA:47,2
DA:49,10
LF:23
LH:23
end_of_record
SF:lib\domain\entities\series.dart
DA:18,5
DA:34,1
DA:41,5
DA:42,5
DA:43,5
DA:44,5
DA:45,5
DA:46,5
DA:47,5
DA:48,5
DA:49,5
DA:50,5
DA:51,5
DA:52,5
DA:53,5
DA:54,5
DA:55,5
LF:17
LH:17
end_of_record
SF:lib\domain\entities\series_detail.dart
DA:5,6
DA:31,2
DA:32,2
DA:33,2
DA:34,2
DA:35,2
DA:36,2
DA:37,2
DA:38,2
DA:39,2
DA:40,2
DA:41,2
DA:42,2
DA:47,7
DA:65,1
DA:66,1
DA:67,1
DA:68,1
DA:69,1
DA:70,1
DA:71,1
DA:72,1
DA:73,1
LF:23
LH:23
end_of_record
SF:lib\data\datasources\remote\series_remote_data_source.dart
DA:24,1
DA:26,1
DA:28,1
DA:29,3
DA:30,2
DA:31,4
DA:33,1
DA:37,1
DA:40,4
DA:41,2
DA:42,4
DA:44,1
DA:48,1
DA:50,4
DA:51,2
DA:52,3
DA:54,1
DA:58,1
DA:61,4
DA:62,2
DA:63,4
DA:65,1
DA:69,1
DA:71,1
DA:72,3
DA:73,2
DA:74,4
DA:76,1
DA:80,1
DA:82,1
DA:83,3
DA:84,2
DA:85,4
DA:87,1
LF:34
LH:34
end_of_record
SF:lib\data\models\series_detail_model.dart
DA:7,2
DA:75,1
DA:76,1
DA:77,1
DA:78,1
DA:79,1
DA:80,4
DA:81,4
DA:82,1
DA:83,1
DA:84,4
DA:85,1
DA:86,1
DA:87,1
DA:88,4
DA:89,1
DA:91,2
DA:92,1
DA:93,1
DA:94,2
DA:97,5
DA:98,1
DA:99,1
DA:100,4
DA:101,1
DA:102,1
DA:103,1
DA:104,2
DA:105,1
DA:106,1
DA:107,4
DA:108,1
DA:109,1
DA:110,3
DA:111,1
DA:112,4
DA:113,1
DA:114,4
DA:115,1
DA:116,1
DA:117,1
DA:118,2
DA:119,1
DA:121,1
DA:122,1
DA:123,1
DA:124,1
DA:125,5
DA:126,1
DA:127,1
DA:128,1
DA:129,1
DA:130,1
DA:131,1
DA:132,1
DA:133,5
DA:137,1
DA:139,1
DA:140,1
DA:141,1
DA:142,1
DA:143,1
DA:144,1
DA:145,1
DA:146,1
DA:147,1
DA:148,1
DA:149,1
DA:150,1
DA:151,1
DA:152,1
DA:153,1
DA:154,1
DA:155,1
DA:156,1
DA:157,1
DA:158,1
DA:159,1
DA:160,1
DA:161,1
DA:162,1
DA:163,1
DA:164,1
DA:165,1
DA:166,1
DA:167,1
DA:168,1
DA:169,1
DA:174,3
DA:188,2
DA:189,1
DA:190,1
DA:191,1
DA:192,1
DA:193,1
DA:196,2
DA:197,1
DA:198,1
DA:199,1
DA:200,1
DA:201,1
DA:204,1
DA:205,1
DA:206,1
DA:207,1
DA:208,1
DA:209,1
DA:210,1
DA:215,3
DA:243,1
DA:244,1
DA:245,1
DA:246,1
DA:247,1
DA:248,1
DA:249,1
DA:250,1
DA:251,1
DA:252,1
DA:253,1
DA:254,1
DA:255,2
DA:256,1
DA:259,2
DA:260,1
DA:261,1
DA:262,1
DA:263,1
DA:264,1
DA:265,1
DA:266,1
DA:267,1
DA:268,1
DA:269,1
DA:270,1
DA:271,1
DA:274,1
DA:275,1
DA:276,1
DA:277,1
DA:278,1
DA:279,1
DA:280,1
DA:281,1
DA:282,1
DA:283,1
DA:284,1
DA:285,1
DA:286,1
DA:287,1
DA:292,2
DA:304,2
DA:305,1
DA:306,1
DA:307,2
DA:308,1
DA:311,1
DA:312,1
DA:313,1
DA:314,1
DA:315,1
DA:316,1
DA:321,2
DA:329,1
DA:330,1
DA:331,1
DA:332,1
DA:335,1
DA:336,1
DA:337,1
DA:338,1
DA:343,2
DA:361,2
DA:362,1
DA:363,1
DA:364,1
DA:365,1
DA:366,1
DA:367,1
DA:368,1
DA:371,1
DA:372,1
DA:373,1
DA:374,1
DA:375,1
DA:376,1
DA:377,1
DA:378,1
DA:379,1
DA:383,1
DA:384,1
DA:385,1
DA:386,1
DA:387,1
DA:388,1
DA:389,1
DA:390,1
DA:391,1
DA:396,3
DA:406,2
DA:407,1
DA:408,1
DA:409,1
DA:412,2
DA:413,1
DA:414,1
DA:415,1
DA:418,1
DA:419,1
DA:420,1
DA:421,1
DA:422,1
DA:427,3
DA:455,1
DA:456,1
DA:457,1
DA:458,1
DA:459,1
DA:460,1
DA:461,1
DA:462,1
DA:463,1
DA:464,1
DA:465,1
DA:466,1
DA:467,1
DA:468,1
DA:471,2
DA:472,1
DA:473,1
DA:474,1
DA:475,1
DA:476,1
DA:477,1
DA:478,1
DA:479,1
DA:480,1
DA:481,1
DA:482,1
DA:483,1
DA:486,1
DA:487,1
DA:488,1
DA:489,1
DA:490,1
DA:491,1
DA:492,1
DA:493,1
DA:494,1
DA:495,1
DA:496,1
DA:497,1
DA:498,1
DA:499,1
LF:254
LH:254
end_of_record
SF:lib\data\models\series_model.dart
DA:20,4
DA:36,4
DA:37,2
DA:38,2
DA:39,8
DA:40,2
DA:41,2
DA:42,8
DA:43,2
DA:44,2
DA:45,2
DA:46,2
DA:47,2
DA:48,2
DA:49,2
DA:52,2
DA:53,1
DA:54,1
DA:55,4
DA:56,1
DA:57,1
DA:58,1
DA:59,1
DA:60,1
DA:61,1
DA:62,1
DA:63,4
DA:64,1
DA:65,1
DA:68,2
DA:69,2
DA:70,2
DA:71,2
DA:72,2
DA:73,2
DA:74,2
DA:75,2
DA:76,2
DA:77,2
DA:78,2
DA:79,2
DA:80,2
DA:81,2
DA:82,2
DA:86,2
DA:87,2
DA:88,2
DA:89,2
DA:90,2
DA:91,2
DA:92,2
DA:93,2
DA:94,2
DA:95,2
DA:96,2
DA:97,2
DA:98,2
DA:99,2
DA:100,2
LF:59
LH:59
end_of_record
SF:lib\data\models\series_response.dart
DA:7,2
DA:11,4
DA:12,4
DA:13,6
DA:14,6
DA:17,2
DA:18,5
DA:21,1
DA:22,2
LF:9
LH:9
end_of_record
SF:lib\domain\usecases\get_now_playing_series.dart
DA:10,1
DA:12,1
DA:13,2
LF:3
LH:3
end_of_record
SF:lib\domain\usecases\get_popular_series.dart
DA:10,1
DA:12,1
DA:13,2
LF:3
LH:3
end_of_record
SF:lib\domain\usecases\get_series_detail.dart
DA:9,1
DA:11,1
DA:12,2
LF:3
LH:3
end_of_record
SF:lib\domain\usecases\get_series_recommendations.dart
DA:9,1
DA:11,1
DA:12,2
LF:3
LH:3
end_of_record
SF:lib\domain\usecases\get_top_rated_series.dart
DA:10,1
DA:12,1
DA:13,2
LF:3
LH:3
end_of_record
SF:lib\domain\usecases\remove_watchlist_series.dart
DA:10,1
DA:12,1
DA:13,2
LF:3
LH:3
end_of_record
SF:lib\domain\usecases\save_watchlist_series.dart
DA:10,1
DA:12,1
DA:13,2
LF:3
LH:3
end_of_record
SF:lib\presentation\bloc\series_now_playing\now_playing_series_bloc.dart
DA:15,1
DA:18,2
DA:21,2
DA:22,2
DA:25,2
DA:26,2
DA:27,2
DA:28,2
DA:29,3
DA:30,1
DA:31,1
DA:32,1
DA:38,2
DA:39,1
DA:40,2
DA:41,2
DA:42,1
DA:43,1
DA:44,1
DA:47,1
DA:48,1
DA:50,2
DA:51,1
DA:53,2
DA:54,3
DA:61,0
DA:62,0
DA:63,0
LF:28
LH:25
end_of_record
SF:lib\presentation\bloc\series_now_playing\now_playing_series_state.dart
DA:5,2
DA:7,1
DA:8,1
DA:18,2
DA:20,1
DA:21,2
DA:28,1
DA:33,1
DA:37,1
DA:38,1
DA:39,0
DA:43,1
DA:44,3
LF:13
LH:12
end_of_record
SF:lib\presentation\bloc\series_now_playing\now_playing_series_event.dart
DA:5,0
DA:6,0
DA:10,2
DA:12,1
DA:13,1
DA:17,0
DA:19,0
DA:20,0
LF:8
LH:3
end_of_record
SF:lib\presentation\bloc\series_top_rated\top_rated_series_bloc.dart
DA:14,3
DA:15,2
DA:16,2
DA:17,2
DA:18,1
DA:19,2
DA:20,2
DA:22,2
DA:23,1
LF:9
LH:9
end_of_record
SF:lib\presentation\bloc\series_top_rated\top_rated_series_event.dart
DA:5,0
DA:6,0
DA:10,2
DA:12,1
DA:13,1
LF:5
LH:3
end_of_record
SF:lib\presentation\bloc\series_top_rated\top_rated_series_state.dart
DA:5,1
DA:6,1
DA:15,1
DA:16,1
DA:17,2
DA:22,1
DA:24,1
DA:25,2
LF:8
LH:8
end_of_record
SF:lib\data\repositories\series_repository_impl.dart
DA:18,1
DA:24,1
DA:27,2
DA:29,2
DA:30,1
DA:31,2
DA:32,4
DA:34,5
DA:35,1
DA:36,2
DA:37,1
DA:38,0
DA:39,1
DA:40,2
DA:44,2
DA:45,5
DA:46,1
DA:47,3
DA:52,1
DA:54,2
DA:56,2
DA:57,1
DA:58,2
DA:59,4
DA:61,5
DA:62,1
DA:63,1
DA:64,1
DA:66,1
DA:67,1
DA:68,1
DA:70,1
DA:71,2
DA:75,2
DA:76,5
DA:77,1
DA:78,3
DA:83,1
DA:86,2
DA:87,2
DA:88,1
DA:89,1
DA:90,1
DA:92,1
DA:93,1
DA:94,1
DA:99,1
DA:101,2
DA:103,2
DA:104,2
DA:105,4
DA:106,5
DA:107,1
DA:108,1
DA:109,1
DA:111,1
DA:112,2
DA:113,1
DA:114,2
DA:118,2
DA:119,5
DA:120,1
DA:121,3
DA:126,1
DA:129,1
DA:130,2
DA:131,1
DA:132,1
DA:133,3
DA:137,1
DA:140,1
DA:141,2
DA:142,1
DA:143,1
DA:144,3
DA:150,1
DA:153,2
DA:154,5
DA:155,1
DA:156,2
DA:157,1
DA:158,1
DA:159,1
DA:164,1
DA:167,2
DA:168,3
DA:169,1
DA:170,2
DA:171,1
DA:172,1
DA:173,1
LF:91
LH:90
end_of_record
SF:lib\presentation\bloc\series_popular\popular_series_event.dart
DA:5,0
DA:6,0
DA:10,2
DA:12,1
DA:13,1
DA:17,0
DA:19,0
DA:20,0
LF:8
LH:3
end_of_record
SF:lib\presentation\bloc\series_popular\popular_series_bloc.dart
DA:17,1
DA:20,2
DA:23,2
DA:24,2
DA:27,2
DA:28,2
DA:29,2
DA:30,2
DA:31,3
DA:32,1
DA:33,1
DA:34,1
DA:40,2
DA:41,1
DA:42,2
DA:43,2
DA:44,1
DA:45,1
DA:46,1
DA:49,1
DA:50,1
DA:52,2
DA:53,1
DA:55,2
DA:56,3
DA:63,0
DA:64,0
DA:65,0
LF:28
LH:25
end_of_record
SF:lib\presentation\bloc\series_popular\popular_series_state.dart
DA:5,2
DA:7,1
DA:8,1
DA:18,2
DA:20,1
DA:21,2
DA:28,1
DA:33,1
DA:37,1
DA:38,1
DA:39,0
DA:43,1
DA:44,3
LF:13
LH:12
end_of_record
SF:lib\presentation\bloc\series_detail\series_detail_state.dart
DA:21,3
DA:30,1
DA:39,1
DA:47,1
DA:48,1
DA:49,1
DA:50,1
DA:51,1
DA:52,1
DA:53,1
DA:57,1
DA:58,1
DA:59,1
DA:60,1
DA:61,1
DA:62,1
DA:63,1
DA:64,1
LF:18
LH:18
end_of_record
SF:lib\presentation\bloc\series_detail\series_detail_bloc.dart
DA:26,1
DA:32,2
DA:33,2
DA:34,3
DA:35,3
DA:37,3
DA:39,1
DA:40,4
DA:41,1
DA:44,1
DA:45,1
DA:46,2
DA:47,2
DA:48,1
DA:52,2
DA:53,2
DA:64,2
DA:65,3
DA:66,1
DA:67,2
DA:71,2
DA:72,3
DA:73,1
DA:74,2
DA:75,3
DA:77,1
DA:78,3
DA:86,2
DA:87,3
DA:88,1
DA:89,2
DA:90,3
DA:92,1
DA:93,3
DA:94,4
LF:35
LH:35
end_of_record
SF:lib\presentation\bloc\series_detail\series_detail_event.dart
DA:5,0
DA:6,0
DA:11,2
DA:12,1
DA:13,2
DA:18,2
DA:20,1
DA:21,2
DA:26,2
DA:27,1
DA:28,2
DA:33,2
DA:34,1
DA:35,2
LF:14
LH:12
end_of_record
