SF:lib\data\datasources\watchlist_local_data_source.dart
DA:13,1
DA:14,1
DA:16,2
DA:18,1
DA:24,1
DA:26,2
DA:27,4
LF:7
LH:7
end_of_record
SF:lib\data\models\watchlist_table.dart
DA:16,3
DA:24,2
DA:25,1
DA:26,1
DA:27,1
DA:28,1
DA:32,1
DA:33,1
DA:34,1
DA:35,1
DA:36,1
DA:37,1
DA:41,2
DA:42,1
DA:43,1
DA:44,1
DA:45,1
DA:46,1
DA:49,4
DA:50,2
DA:51,2
DA:52,2
DA:53,2
DA:54,2
DA:57,4
DA:58,2
DA:59,2
DA:60,2
DA:61,2
DA:62,2
DA:65,2
DA:67,12
LF:32
LH:32
end_of_record
SF:lib\domain\entities\watchlist.dart
DA:12,3
DA:20,3
DA:21,18
LF:3
LH:3
end_of_record
SF:lib\data\repositories\watchlist_repository_impl.dart
DA:10,1
DA:11,1
DA:13,2
DA:14,5
DA:17,1
DA:19,2
LF:6
LH:6
end_of_record
SF:lib\domain\usecases\get_watchlist_status.dart
DA:7,1
DA:9,1
DA:10,2
LF:3
LH:3
end_of_record
SF:lib\domain\usecases\get_watchlist.dart
DA:10,1
DA:12,1
DA:13,2
LF:3
LH:3
end_of_record
SF:lib\presentation\bloc\watchlist\watchlist_bloc.dart
DA:13,3
DA:14,2
DA:15,2
DA:16,1
DA:17,2
DA:18,3
DA:20,2
DA:21,2
LF:8
LH:8
end_of_record
SF:lib\presentation\bloc\watchlist\watchlist_state.dart
DA:9,1
DA:15,1
DA:20,1
DA:21,0
DA:22,1
DA:23,1
DA:27,1
DA:28,1
DA:29,1
DA:30,1
DA:31,1
LF:11
LH:10
end_of_record
SF:lib\presentation\bloc\watchlist\watchlist_event.dart
DA:5,0
DA:6,0
DA:10,2
DA:11,1
DA:12,1
LF:5
LH:3
end_of_record
