SF:lib\common\exception.dart
DA:6,4
DA:11,4
LF:2
LH:2
end_of_record
SF:lib\data\datasources\db\database_helper.dart
DA:10,0
DA:14,0
DA:18,0
DA:20,0
DA:38,0
DA:39,0
DA:40,0
DA:42,0
DA:46,0
DA:47,0
DA:55,0
DA:57,0
DA:65,0
DA:68,0
DA:69,0
DA:70,0
DA:73,0
DA:74,0
DA:75,0
DA:78,0
DA:82,0
DA:84,0
DA:85,0
DA:86,0
DA:87,0
DA:88,0
DA:89,0
DA:95,0
DA:97,0
DA:98,0
DA:99,0
DA:100,0
DA:101,0
DA:102,0
DA:108,0
DA:109,0
DA:110,0
DA:113,0
DA:116,0
DA:117,0
DA:123,0
DA:124,0
DA:125,0
DA:130,0
DA:131,0
DA:133,0
DA:138,0
DA:139,0
DA:141,0
LF:49
LH:0
end_of_record
SF:lib\data\datasources\movie\movie_local_data_source.dart
DA:22,1
DA:24,1
DA:27,2
DA:30,2
DA:34,1
DA:37,2
DA:40,2
DA:44,1
DA:46,2
DA:48,1
DA:54,1
DA:56,2
DA:57,4
DA:60,1
DA:62,2
DA:63,2
DA:67,1
DA:69,1
DA:70,1
DA:71,2
DA:72,4
DA:74,1
DA:78,1
DA:80,2
DA:81,2
DA:85,1
DA:88,2
DA:89,2
DA:90,4
DA:92,1
DA:96,1
DA:98,2
DA:99,2
DA:103,1
DA:106,2
DA:107,2
DA:108,4
DA:110,1
LF:38
LH:38
end_of_record
SF:lib\data\models\movie_table.dart
DA:12,2
DA:26,2
DA:27,1
DA:28,1
DA:29,1
DA:30,1
DA:33,0
DA:34,0
DA:35,0
DA:36,0
DA:37,0
DA:40,2
DA:41,1
DA:42,1
DA:43,1
DA:44,1
DA:47,2
DA:48,1
DA:49,1
DA:50,1
DA:51,1
DA:54,2
DA:56,10
LF:23
LH:18
end_of_record
SF:lib\data\models\series_table.dart
DA:12,2
DA:19,0
DA:20,0
DA:21,0
DA:22,0
DA:23,0
DA:26,2
DA:27,1
DA:28,1
DA:29,1
DA:30,1
DA:33,2
DA:34,1
DA:35,1
DA:36,1
DA:37,1
DA:40,2
DA:41,1
DA:42,1
DA:43,1
DA:44,1
DA:47,2
DA:49,10
LF:23
LH:18
end_of_record
SF:lib\data\models\watchlist_table.dart
DA:16,4
DA:24,2
DA:25,1
DA:26,1
DA:27,1
DA:28,1
DA:32,1
DA:33,1
DA:34,1
DA:35,1
DA:36,1
DA:37,1
DA:41,0
DA:42,0
DA:43,0
DA:44,0
DA:45,0
DA:46,0
DA:49,4
DA:50,2
DA:51,2
DA:52,2
DA:53,2
DA:54,2
DA:57,4
DA:58,2
DA:59,2
DA:60,2
DA:61,2
DA:62,2
DA:65,4
DA:67,24
LF:32
LH:26
end_of_record
SF:lib\domain\entities\genre.dart
DA:4,13
DA:12,3
DA:13,9
LF:3
LH:3
end_of_record
SF:lib\domain\entities\movie.dart
DA:4,8
DA:20,1
DA:41,2
DA:42,2
DA:43,2
DA:44,2
DA:45,2
DA:46,2
DA:47,2
DA:48,2
DA:49,2
DA:50,2
DA:51,2
DA:52,2
DA:53,2
DA:54,2
DA:55,2
LF:17
LH:17
end_of_record
SF:lib\domain\entities\movie_detail.dart
DA:5,6
DA:33,1
DA:34,1
DA:35,1
DA:36,1
DA:37,1
DA:38,1
DA:39,1
DA:40,1
DA:41,1
DA:42,1
DA:43,1
DA:44,1
DA:45,1
LF:14
LH:14
end_of_record
SF:lib\domain\entities\series.dart
DA:18,6
DA:34,1
DA:41,2
DA:42,2
DA:43,2
DA:44,2
DA:45,2
DA:46,2
DA:47,2
DA:48,2
DA:49,2
DA:50,2
DA:51,2
DA:52,2
DA:53,2
DA:54,2
DA:55,2
LF:17
LH:17
end_of_record
SF:lib\domain\entities\series_detail.dart
DA:5,7
DA:31,1
DA:32,1
DA:33,1
DA:34,1
DA:35,1
DA:36,1
DA:37,1
DA:38,1
DA:39,1
DA:40,1
DA:41,1
DA:42,1
DA:47,7
DA:65,1
DA:66,1
DA:67,1
DA:68,1
DA:69,1
DA:70,1
DA:71,1
DA:72,1
DA:73,1
LF:23
LH:23
end_of_record
SF:lib\domain\entities\watchlist.dart
DA:12,3
DA:20,2
DA:21,12
LF:3
LH:3
end_of_record
SF:lib\common\failure.dart
DA:6,12
DA:8,2
DA:9,4
DA:13,22
DA:17,4
DA:21,10
DA:25,4
LF:7
LH:7
end_of_record
SF:lib\common\netwrok_info.dart
DA:9,0
DA:11,0
DA:13,0
LF:3
LH:0
end_of_record
SF:lib\data\datasources\movie\movie_remote_data_source.dart
DA:23,1
DA:25,1
DA:28,4
DA:30,2
DA:31,4
DA:33,1
DA:37,1
DA:40,4
DA:42,2
DA:43,3
DA:45,1
DA:49,1
DA:51,1
DA:52,3
DA:54,2
DA:55,4
DA:57,1
DA:61,1
DA:64,4
DA:66,2
DA:67,4
DA:69,1
DA:73,1
DA:76,4
DA:78,2
DA:79,4
DA:81,1
DA:85,1
DA:87,1
DA:88,3
DA:90,2
DA:91,4
DA:93,1
LF:33
LH:33
end_of_record
SF:lib\data\datasources\series\series_local_data_source.dart
DA:22,1
DA:24,1
DA:27,2
DA:30,2
DA:34,1
DA:37,2
DA:40,2
DA:44,1
DA:46,2
DA:48,1
DA:54,1
DA:56,2
DA:57,4
DA:60,1
DA:62,2
DA:63,2
DA:67,1
DA:69,1
DA:70,1
DA:71,2
DA:72,4
DA:74,1
DA:78,1
DA:80,2
DA:81,2
DA:85,1
DA:87,2
DA:88,2
DA:92,1
DA:95,2
DA:96,2
DA:97,4
DA:99,1
DA:103,1
DA:106,2
DA:107,2
DA:108,4
DA:110,1
LF:38
LH:38
end_of_record
SF:lib\data\datasources\series\series_remote_data_source.dart
DA:23,1
DA:25,1
DA:28,4
DA:29,2
DA:30,4
DA:32,1
DA:36,1
DA:39,4
DA:40,2
DA:41,4
DA:43,1
DA:47,1
DA:49,4
DA:50,2
DA:51,3
DA:53,1
DA:57,1
DA:60,4
DA:61,2
DA:62,4
DA:64,1
DA:68,1
DA:70,1
DA:71,3
DA:72,2
DA:73,4
DA:75,1
DA:79,1
DA:81,1
DA:82,3
DA:83,2
DA:84,4
DA:86,1
LF:33
LH:33
end_of_record
SF:lib\data\models\movie_detail_model.dart
DA:6,2
DA:52,1
DA:53,1
DA:54,1
DA:55,1
DA:56,1
DA:57,1
DA:58,4
DA:59,1
DA:60,1
DA:61,1
DA:62,1
DA:63,1
DA:64,1
DA:65,2
DA:66,1
DA:67,1
DA:68,1
DA:69,1
DA:70,1
DA:71,1
DA:72,1
DA:73,1
DA:74,2
DA:75,1
DA:78,0
DA:79,0
DA:80,0
DA:81,0
DA:82,0
DA:83,0
DA:84,0
DA:85,0
DA:86,0
DA:87,0
DA:88,0
DA:89,0
DA:90,0
DA:91,0
DA:92,0
DA:93,0
DA:94,0
DA:95,0
DA:96,0
DA:97,0
DA:98,0
DA:99,0
DA:102,1
DA:103,1
DA:104,1
DA:105,1
DA:106,5
DA:107,1
DA:108,1
DA:109,1
DA:110,1
DA:111,1
DA:112,1
DA:113,1
DA:114,1
DA:115,1
DA:119,1
DA:121,1
DA:122,1
DA:123,1
DA:124,1
DA:125,1
DA:126,1
DA:127,1
DA:128,1
DA:129,1
DA:130,1
DA:131,1
DA:132,1
DA:133,1
DA:134,1
DA:135,1
DA:136,1
DA:137,1
DA:138,1
DA:139,1
DA:140,1
DA:141,1
DA:142,1
LF:84
LH:62
end_of_record
SF:lib\data\models\movie_model.dart
DA:5,4
DA:35,4
DA:36,2
DA:37,2
DA:38,8
DA:39,2
DA:40,2
DA:41,2
DA:42,4
DA:43,2
DA:44,2
DA:45,2
DA:46,2
DA:47,4
DA:48,2
DA:51,2
DA:52,1
DA:53,1
DA:54,4
DA:55,1
DA:56,1
DA:57,1
DA:58,1
DA:59,1
DA:60,1
DA:61,1
DA:62,1
DA:63,1
DA:64,1
DA:67,2
DA:68,2
DA:69,2
DA:70,2
DA:71,2
DA:72,2
DA:73,2
DA:74,2
DA:75,2
DA:76,2
DA:77,2
DA:78,2
DA:79,2
DA:80,2
DA:81,2
DA:85,2
DA:86,2
DA:87,2
DA:88,2
DA:89,2
DA:90,2
DA:91,2
DA:92,2
DA:93,2
DA:94,2
DA:95,2
DA:96,2
DA:97,2
DA:98,2
DA:99,2
LF:59
LH:59
end_of_record
SF:lib\data\models\series_detail_model.dart
DA:6,2
DA:74,1
DA:75,1
DA:76,1
DA:77,1
DA:78,1
DA:79,4
DA:80,4
DA:81,1
DA:82,1
DA:83,4
DA:84,1
DA:85,1
DA:86,1
DA:87,4
DA:88,1
DA:90,2
DA:91,1
DA:92,1
DA:93,2
DA:96,5
DA:97,1
DA:98,1
DA:99,4
DA:100,1
DA:101,1
DA:102,1
DA:103,2
DA:104,1
DA:105,1
DA:106,4
DA:107,1
DA:108,1
DA:109,3
DA:110,1
DA:111,4
DA:112,1
DA:113,4
DA:114,1
DA:115,1
DA:116,1
DA:117,2
DA:118,1
DA:121,0
DA:122,0
DA:123,0
DA:124,0
DA:125,0
DA:126,0
DA:127,0
DA:128,0
DA:129,0
DA:130,0
DA:131,0
DA:132,0
DA:133,0
DA:134,0
DA:135,0
DA:136,0
DA:137,0
DA:138,0
DA:139,0
DA:140,0
DA:141,0
DA:142,0
DA:143,0
DA:144,0
DA:146,0
DA:148,0
DA:149,0
DA:151,0
DA:152,0
DA:153,0
DA:154,0
DA:155,0
DA:156,0
DA:159,1
DA:160,1
DA:161,1
DA:162,1
DA:163,5
DA:164,1
DA:165,1
DA:166,1
DA:167,1
DA:168,1
DA:169,1
DA:170,1
DA:171,5
DA:175,1
DA:177,1
DA:178,1
DA:179,1
DA:180,1
DA:181,1
DA:182,1
DA:183,1
DA:184,1
DA:185,1
DA:186,1
DA:187,1
DA:188,1
DA:189,1
DA:190,1
DA:191,1
DA:192,1
DA:193,1
DA:194,1
DA:195,1
DA:196,1
DA:197,1
DA:198,1
DA:199,1
DA:200,1
DA:201,1
DA:202,1
DA:203,1
DA:204,1
DA:205,1
DA:206,1
DA:207,1
DA:212,2
DA:226,2
DA:227,1
DA:228,1
DA:229,1
DA:230,1
DA:231,1
DA:234,0
DA:235,0
DA:236,0
DA:237,0
DA:238,0
DA:239,0
DA:242,1
DA:243,1
DA:244,1
DA:245,1
DA:246,1
DA:247,1
DA:248,1
DA:253,2
DA:281,1
DA:282,1
DA:283,1
DA:284,1
DA:285,1
DA:286,1
DA:287,1
DA:288,1
DA:289,1
DA:290,1
DA:291,1
DA:292,1
DA:293,2
DA:294,1
DA:297,0
DA:298,0
DA:299,0
DA:300,0
DA:301,0
DA:302,0
DA:303,0
DA:304,0
DA:305,0
DA:306,0
DA:307,0
DA:308,0
DA:309,0
DA:312,1
DA:313,1
DA:314,1
DA:315,1
DA:316,1
DA:317,1
DA:318,1
DA:319,1
DA:320,1
DA:321,1
DA:322,1
DA:323,1
DA:324,1
DA:325,1
DA:330,2
DA:342,2
DA:343,1
DA:344,1
DA:345,2
DA:346,1
DA:349,0
DA:350,0
DA:351,0
DA:352,0
DA:353,0
DA:356,1
DA:357,1
DA:358,1
DA:359,1
DA:360,1
DA:361,1
DA:366,2
DA:374,1
DA:375,1
DA:376,1
DA:377,1
DA:380,0
DA:381,0
DA:382,0
DA:385,1
DA:386,1
DA:387,1
DA:388,1
DA:393,2
DA:411,2
DA:412,1
DA:413,1
DA:414,1
DA:415,1
DA:416,1
DA:417,1
DA:418,1
DA:421,0
DA:422,0
DA:423,0
DA:424,0
DA:425,0
DA:426,0
DA:427,0
DA:428,0
DA:431,1
DA:432,1
DA:433,1
DA:434,1
DA:435,1
DA:436,1
DA:437,1
DA:438,1
DA:439,1
DA:443,1
DA:444,1
DA:445,1
DA:446,1
DA:447,1
DA:448,1
DA:449,1
DA:450,1
DA:451,1
DA:456,2
DA:466,2
DA:467,1
DA:468,1
DA:469,1
DA:472,0
DA:473,0
DA:474,0
DA:475,0
DA:478,1
DA:479,1
DA:480,1
DA:481,1
DA:482,1
DA:487,2
DA:515,1
DA:516,1
DA:517,1
DA:518,1
DA:519,1
DA:520,1
DA:521,1
DA:522,1
DA:523,1
DA:524,1
DA:525,1
DA:526,1
DA:527,1
DA:528,1
DA:531,0
DA:532,0
DA:533,0
DA:534,0
DA:535,0
DA:536,0
DA:537,0
DA:538,0
DA:539,0
DA:540,0
DA:541,0
DA:542,0
DA:543,0
DA:546,1
DA:547,1
DA:548,1
DA:549,1
DA:550,1
DA:551,1
DA:552,1
DA:553,1
DA:554,1
DA:555,1
DA:556,1
DA:557,1
DA:558,1
DA:559,1
LF:303
LH:218
end_of_record
SF:lib\data\models\series_model.dart
DA:20,4
DA:36,4
DA:37,2
DA:38,2
DA:39,8
DA:40,2
DA:41,2
DA:42,8
DA:43,2
DA:44,2
DA:45,2
DA:46,2
DA:47,2
DA:48,2
DA:49,2
DA:52,2
DA:53,1
DA:54,1
DA:55,4
DA:56,1
DA:57,1
DA:58,1
DA:59,1
DA:60,1
DA:61,1
DA:62,1
DA:63,4
DA:64,1
DA:65,1
DA:68,2
DA:69,2
DA:70,2
DA:71,2
DA:72,2
DA:73,2
DA:74,2
DA:75,2
DA:76,2
DA:77,2
DA:78,2
DA:79,2
DA:80,2
DA:81,2
DA:82,2
DA:86,2
DA:87,2
DA:88,2
DA:89,2
DA:90,2
DA:91,2
DA:92,2
DA:93,2
DA:94,2
DA:95,2
DA:96,2
DA:97,2
DA:98,2
DA:99,2
DA:100,2
LF:59
LH:59
end_of_record
SF:lib\common\constants.dart
DA:18,4
DA:19,2
DA:20,12
DA:22,0
DA:24,3
DA:28,0
DA:29,0
DA:30,0
DA:31,0
DA:32,0
LF:10
LH:4
end_of_record
SF:lib\data\models\movie_response.dart
DA:7,2
DA:9,4
DA:10,4
DA:11,6
DA:12,6
DA:15,2
DA:16,5
DA:19,1
DA:20,2
LF:9
LH:9
end_of_record
SF:lib\data\models\series_response.dart
DA:7,2
DA:11,4
DA:12,4
DA:13,6
DA:14,6
DA:17,2
DA:18,5
DA:21,1
DA:22,2
LF:9
LH:9
end_of_record
SF:lib\data\models\genre_model.dart
DA:5,4
DA:13,4
DA:14,2
DA:15,2
DA:18,0
DA:19,0
DA:20,0
DA:23,2
DA:24,6
DA:27,2
DA:28,6
LF:11
LH:8
end_of_record
SF:lib\data\repositories\movie_repository_impl.dart
DA:22,1
DA:28,1
DA:30,2
DA:32,2
DA:33,2
DA:34,4
DA:35,5
DA:36,1
DA:37,2
DA:38,0
DA:39,0
DA:43,2
DA:44,5
DA:45,1
DA:46,3
DA:51,1
DA:54,2
DA:55,2
DA:56,1
DA:57,2
DA:58,1
DA:59,2
DA:63,1
DA:66,2
DA:67,3
DA:68,1
DA:69,2
DA:70,1
DA:71,2
DA:75,1
DA:77,2
DA:79,2
DA:80,2
DA:81,4
DA:82,5
DA:83,1
DA:84,2
DA:85,1
DA:86,2
DA:90,2
DA:91,5
DA:92,1
DA:93,3
DA:98,1
DA:100,2
DA:102,2
DA:103,2
DA:104,4
DA:105,5
DA:106,1
DA:107,2
DA:108,1
DA:109,2
DA:113,2
DA:114,5
DA:115,1
DA:116,3
DA:121,1
DA:124,2
DA:125,5
DA:126,1
DA:127,2
DA:128,1
DA:129,2
DA:133,1
DA:136,1
DA:137,2
DA:138,1
DA:139,1
DA:140,3
DA:146,1
DA:149,1
DA:150,2
DA:151,1
DA:152,1
DA:153,3
DA:157,1
DA:159,2
DA:163,1
DA:165,2
DA:166,5
LF:81
LH:79
end_of_record
SF:lib\data\repositories\series_repository_impl.dart
DA:22,1
DA:28,1
DA:30,2
DA:32,2
DA:33,2
DA:34,4
DA:35,5
DA:36,1
DA:37,2
DA:38,0
DA:39,0
DA:43,2
DA:44,5
DA:45,1
DA:46,3
DA:51,1
DA:53,2
DA:55,2
DA:56,2
DA:57,4
DA:58,5
DA:59,1
DA:60,1
DA:61,1
DA:63,0
DA:64,0
DA:65,0
DA:70,2
DA:71,5
DA:72,1
DA:73,3
DA:78,1
DA:81,2
DA:82,2
DA:83,1
DA:84,1
DA:85,1
DA:87,1
DA:88,1
DA:89,1
DA:94,1
DA:96,2
DA:97,5
DA:100,1
DA:102,2
DA:104,2
DA:105,2
DA:106,4
DA:107,5
DA:108,1
DA:109,1
DA:110,1
DA:112,0
DA:113,0
DA:117,2
DA:118,5
DA:119,1
DA:120,3
DA:125,1
DA:127,2
DA:131,1
DA:134,1
DA:135,2
DA:136,1
DA:137,1
DA:138,3
DA:142,1
DA:145,1
DA:146,2
DA:147,1
DA:148,1
DA:149,3
DA:155,1
DA:158,2
DA:159,5
DA:160,1
DA:161,2
DA:162,1
DA:163,1
DA:164,1
DA:169,1
DA:172,2
DA:173,3
DA:174,1
DA:175,2
DA:176,1
DA:177,1
DA:178,1
LF:88
LH:81
end_of_record
SF:lib\domain\usecases\get_movie_detail.dart
DA:9,1
DA:11,1
DA:12,2
LF:3
LH:3
end_of_record
SF:lib\domain\usecases\get_movie_recommendations.dart
DA:9,1
DA:11,1
DA:12,2
LF:3
LH:3
end_of_record
SF:lib\domain\usecases\get_now_playing_movies.dart
DA:9,1
DA:11,1
DA:12,2
LF:3
LH:3
end_of_record
SF:lib\domain\usecases\get_now_playing_series.dart
DA:10,1
DA:12,1
DA:13,2
LF:3
LH:3
end_of_record
SF:lib\domain\usecases\get_popular_movies.dart
DA:9,1
DA:11,1
DA:12,2
LF:3
LH:3
end_of_record
SF:lib\domain\usecases\get_popular_series.dart
DA:10,1
DA:12,1
DA:13,2
LF:3
LH:3
end_of_record
SF:lib\domain\usecases\get_series_detail.dart
DA:10,1
DA:12,1
DA:13,2
LF:3
LH:3
end_of_record
SF:lib\domain\usecases\get_series_recommendations.dart
DA:10,1
DA:12,1
DA:13,2
LF:3
LH:3
end_of_record
SF:lib\domain\usecases\get_top_rated_movies.dart
DA:9,1
DA:11,1
DA:12,2
LF:3
LH:3
end_of_record
SF:lib\domain\usecases\get_top_rated_series.dart
DA:10,1
DA:12,1
DA:13,2
LF:3
LH:3
end_of_record
SF:lib\domain\usecases\get_watchlist_movies.dart
DA:9,1
DA:11,1
DA:12,2
LF:3
LH:3
end_of_record
SF:lib\domain\usecases\get_watchlist_status_series.dart
DA:6,1
DA:8,1
DA:9,2
LF:3
LH:3
end_of_record
SF:lib\domain\usecases\save_watchlist_series.dart
DA:10,1
DA:12,1
DA:13,2
LF:3
LH:3
end_of_record
SF:lib\domain\usecases\remove_watchlist_series.dart
DA:10,1
DA:12,1
DA:13,2
LF:3
LH:3
end_of_record
SF:lib\domain\usecases\save_watchlist.dart
DA:9,1
DA:11,1
DA:12,2
LF:3
LH:3
end_of_record
SF:lib\domain\usecases\remove_watchlist.dart
DA:9,1
DA:11,1
DA:12,2
LF:3
LH:3
end_of_record
SF:lib\domain\usecases\get_watchlist_status.dart
DA:6,1
DA:8,1
DA:9,2
LF:3
LH:3
end_of_record
SF:lib\presentation\pages\home_movie_page.dart
DA:16,1
DA:17,1
DA:21,1
DA:23,1
DA:24,1
DA:25,3
DA:26,1
DA:27,1
DA:28,1
DA:31,1
DA:33,1
DA:34,1
DA:36,1
DA:37,1
DA:39,1
DA:40,1
DA:42,0
DA:45,0
DA:49,2
DA:50,1
DA:51,1
DA:52,1
DA:53,1
DA:55,1
DA:56,2
DA:58,1
DA:61,1
DA:63,0
DA:66,0
DA:72,2
DA:73,1
DA:74,1
DA:75,1
DA:76,1
DA:78,1
DA:79,2
DA:81,1
DA:84,1
DA:86,0
DA:89,0
DA:95,2
DA:96,1
DA:97,1
DA:98,1
DA:99,1
DA:101,1
DA:102,2
DA:104,1
DA:114,1
DA:115,1
DA:117,1
DA:118,1
DA:120,1
DA:122,1
DA:124,1
DA:126,1
DA:127,3
DA:139,1
DA:141,1
DA:143,1
DA:145,1
DA:147,0
DA:148,0
DA:149,0
DA:151,0
DA:152,0
DA:153,0
DA:156,0
DA:159,0
DA:160,0
DA:161,0
DA:162,0
DA:163,0
DA:164,0
DA:166,0
DA:172,2
LF:76
LH:56
end_of_record
SF:lib\presentation\pages\movie_detail_page.dart
DA:17,1
DA:19,1
DA:20,1
DA:24,1
DA:26,1
DA:27,2
DA:28,2
DA:29,3
DA:30,2
DA:31,3
DA:35,1
DA:37,1
DA:38,1
DA:39,1
DA:40,2
DA:41,0
DA:42,0
DA:44,2
DA:45,1
DA:46,1
DA:47,1
DA:49,1
DA:50,1
DA:54,0
LF:24
LH:21
end_of_record
SF:lib\presentation\provider\movie_list_notifier.dart
DA:10,2
DA:13,2
DA:16,2
DA:19,2
DA:22,2
DA:25,2
DA:28,2
DA:30,1
DA:40,1
DA:41,1
DA:42,1
DA:44,2
DA:45,1
DA:46,1
DA:47,1
DA:48,2
DA:49,1
DA:51,1
DA:52,1
DA:53,1
DA:54,1
DA:59,1
DA:60,1
DA:61,1
DA:63,2
DA:64,1
DA:65,1
DA:66,1
DA:67,2
DA:68,1
DA:70,1
DA:71,1
DA:72,1
DA:73,1
DA:78,1
DA:79,1
DA:80,1
DA:82,2
DA:83,1
DA:84,1
DA:85,1
DA:86,2
DA:87,1
DA:89,1
DA:90,1
DA:91,1
DA:92,1
LF:47
LH:47
end_of_record
SF:lib\presentation\routes_arguments\movie_lis_arguments.dart
DA:7,1
LF:1
LH:1
end_of_record
SF:lib\presentation\widgets\item_list.dart
DA:13,2
DA:14,6
DA:17,2
DA:19,2
DA:21,2
DA:23,0
DA:24,0
DA:25,0
DA:27,0
DA:28,0
DA:29,0
DA:31,0
DA:34,0
DA:37,0
DA:38,0
DA:39,0
DA:40,0
DA:41,0
DA:42,0
DA:44,0
DA:50,4
LF:21
LH:6
end_of_record
SF:lib\presentation\pages\movie_list_page.dart
DA:13,1
DA:17,1
DA:18,1
DA:22,1
DA:24,1
DA:25,1
DA:26,3
DA:27,4
DA:31,1
DA:33,1
DA:34,1
DA:35,4
DA:37,1
DA:38,1
DA:39,1
DA:40,1
DA:41,2
DA:42,1
DA:43,1
DA:45,2
DA:46,1
DA:47,0
DA:48,0
DA:49,0
DA:51,2
DA:54,1
DA:55,1
DA:56,2
LF:28
LH:25
end_of_record
SF:lib\presentation\pages\movie_detail_content.dart
DA:19,1
DA:21,1
DA:23,3
DA:24,1
DA:25,1
DA:26,1
DA:27,3
DA:29,2
DA:30,1
DA:32,0
DA:34,1
DA:36,1
DA:37,1
DA:38,1
DA:39,1
DA:41,2
DA:48,1
DA:49,1
DA:50,1
DA:52,1
DA:54,1
DA:56,1
DA:57,1
DA:58,2
DA:59,1
DA:61,1
DA:62,1
DA:63,1
DA:64,1
DA:67,2
DA:69,0
DA:72,0
DA:76,1
DA:78,1
DA:80,1
DA:83,1
DA:86,2
DA:87,2
DA:89,1
DA:91,1
DA:92,1
DA:93,1
DA:98,1
DA:100,1
DA:101,1
DA:102,1
DA:103,1
DA:104,1
DA:108,1
DA:109,3
DA:111,1
DA:112,3
DA:114,1
DA:115,1
DA:116,1
DA:117,3
DA:119,2
DA:125,4
DA:128,1
DA:129,1
DA:131,1
DA:133,1
DA:134,2
DA:136,1
DA:137,1
DA:139,1
DA:141,1
DA:142,1
DA:143,2
DA:145,0
DA:146,0
DA:148,2
DA:150,0
DA:151,2
DA:153,1
DA:155,1
DA:157,0
DA:158,0
DA:159,0
DA:161,0
DA:162,0
DA:163,0
DA:166,0
DA:169,0
DA:170,0
DA:171,0
DA:173,0
DA:175,0
DA:176,0
DA:177,0
DA:179,0
DA:182,0
DA:183,0
DA:189,2
DA:193,0
DA:201,1
DA:203,1
DA:218,1
DA:220,1
DA:223,1
DA:224,1
DA:225,0
DA:226,0
DA:235,1
DA:237,2
DA:238,3
DA:241,1
DA:245,3
DA:248,1
DA:249,1
DA:250,1
DA:252,1
DA:253,1
DA:255,0
LF:114
LH:87
end_of_record
SF:lib\presentation\provider\movie_detail_notifier.dart
DA:22,1
DA:31,2
DA:34,2
DA:37,2
DA:40,2
DA:43,2
DA:46,2
DA:48,1
DA:49,1
DA:50,1
DA:51,2
DA:52,2
DA:53,1
DA:54,1
DA:55,1
DA:56,2
DA:57,1
DA:59,1
DA:60,1
DA:61,1
DA:62,1
DA:63,1
DA:64,1
DA:65,1
DA:66,2
DA:68,1
DA:69,1
DA:70,1
DA:73,1
DA:74,1
DA:80,2
DA:82,1
DA:83,2
DA:85,1
DA:86,1
DA:87,2
DA:89,1
DA:90,1
DA:94,2
DA:97,1
DA:98,2
DA:100,1
DA:101,0
DA:102,0
DA:104,1
DA:105,1
DA:109,2
DA:112,1
DA:113,2
DA:114,1
DA:115,1
LF:51
LH:49
end_of_record
SF:lib\presentation\provider\single_movie_list_notifier.dart
DA:17,1
DA:24,2
DA:27,2
DA:30,2
DA:32,1
DA:34,1
DA:35,1
DA:37,1
DA:38,1
DA:40,1
DA:41,1
DA:48,1
DA:49,1
DA:50,1
DA:52,2
DA:53,2
DA:54,2
DA:55,1
DA:56,1
DA:57,1
DA:58,1
DA:59,1
DA:60,1
DA:64,1
DA:65,1
DA:66,1
DA:68,2
DA:69,2
DA:70,2
DA:71,1
DA:72,1
DA:73,1
DA:74,1
DA:75,1
DA:76,1
DA:80,1
DA:81,1
DA:82,1
DA:84,2
DA:85,2
DA:86,2
DA:87,1
DA:88,1
DA:89,1
DA:90,1
DA:91,1
DA:92,1
LF:47
LH:47
end_of_record
SF:lib\presentation\widgets\movie_card_list.dart
DA:10,0
DA:12,0
DA:14,0
DA:16,0
DA:17,0
DA:18,0
DA:21,0
DA:24,0
DA:26,0
DA:27,0
DA:28,0
DA:34,0
DA:36,0
DA:37,0
DA:38,0
DA:41,0
DA:43,0
DA:44,0
DA:45,0
DA:53,0
DA:58,0
DA:59,0
DA:60,0
DA:62,0
DA:63,0
DA:65,0
DA:67,0
LF:27
LH:0
end_of_record
SF:lib\presentation\pages\series_detail_page.dart
DA:10,1
DA:12,1
DA:13,1
DA:17,1
DA:19,1
DA:20,2
DA:21,2
DA:22,3
DA:23,2
DA:24,3
DA:28,1
DA:30,1
DA:31,1
DA:32,1
DA:33,2
DA:34,0
DA:35,0
DA:37,2
DA:38,1
DA:39,1
DA:40,1
DA:42,1
DA:43,1
DA:47,0
LF:24
LH:21
end_of_record
SF:lib\presentation\provider\series_detail_notifier.dart
DA:22,1
DA:31,2
DA:34,2
DA:37,2
DA:40,2
DA:43,2
DA:46,2
DA:49,2
DA:51,1
DA:52,1
DA:53,1
DA:55,2
DA:56,2
DA:57,2
DA:58,1
DA:59,2
DA:60,1
DA:61,1
DA:62,1
DA:63,1
DA:64,1
DA:65,2
DA:66,1
DA:67,2
DA:68,1
DA:69,1
DA:70,1
DA:71,1
DA:72,1
DA:74,1
DA:75,1
DA:79,1
DA:80,2
DA:82,1
DA:83,1
DA:84,2
DA:86,1
DA:87,1
DA:90,2
DA:93,1
DA:94,2
DA:95,1
DA:96,0
DA:97,0
DA:99,1
DA:100,1
DA:104,2
DA:107,1
DA:108,2
DA:109,1
DA:110,1
LF:51
LH:49
end_of_record
SF:lib\presentation\widgets\series_detail_content.dart
DA:17,1
DA:19,1
DA:21,3
DA:23,1
DA:24,1
DA:25,1
DA:26,3
DA:28,2
DA:29,1
DA:31,0
DA:33,1
DA:34,2
DA:35,1
DA:36,1
DA:37,1
DA:38,1
DA:40,2
DA:42,1
DA:47,1
DA:48,1
DA:49,1
DA:50,1
DA:51,1
DA:53,1
DA:55,1
DA:56,1
DA:57,2
DA:58,1
DA:60,1
DA:61,1
DA:62,1
DA:63,1
DA:66,2
DA:68,0
DA:71,0
DA:75,1
DA:77,1
DA:78,1
DA:81,1
DA:84,2
DA:85,2
DA:87,1
DA:89,1
DA:90,1
DA:91,1
DA:96,1
DA:98,1
DA:99,1
DA:100,1
DA:101,1
DA:102,1
DA:106,1
DA:107,3
DA:109,1
DA:110,1
DA:111,1
DA:112,3
DA:114,2
DA:120,4
DA:123,1
DA:126,1
DA:128,1
DA:130,1
DA:131,2
DA:132,1
DA:134,1
DA:137,1
DA:139,1
DA:141,1
DA:142,1
DA:145,3
DA:146,1
DA:147,1
DA:148,0
DA:149,0
DA:150,0
DA:152,2
DA:159,1
DA:161,1
DA:173,1
DA:174,1
DA:175,1
DA:178,1
DA:179,1
DA:180,0
DA:181,0
DA:190,1
DA:192,2
DA:193,3
DA:195,1
DA:199,3
DA:202,0
DA:203,0
DA:204,0
DA:206,0
DA:207,0
DA:209,0
LF:97
LH:83
end_of_record
SF:lib\presentation\widgets\series_card_list.dart
DA:9,0
DA:11,0
DA:13,0
DA:14,0
DA:15,0
DA:16,0
DA:17,0
DA:20,0
DA:23,0
DA:25,0
DA:26,0
DA:27,0
DA:28,0
DA:29,0
DA:33,0
DA:35,0
DA:36,0
DA:37,0
DA:40,0
DA:42,0
DA:45,0
DA:46,0
DA:54,0
DA:55,0
DA:59,0
DA:60,0
DA:61,0
DA:63,0
DA:64,0
DA:66,0
DA:68,0
DA:69,0
LF:32
LH:0
end_of_record
SF:lib\domain\usecases\search_movies.dart
DA:9,1
DA:11,1
DA:12,2
LF:3
LH:3
end_of_record
SF:lib\domain\usecases\search_series.dart
DA:10,1
DA:12,1
DA:13,2
LF:3
LH:3
end_of_record
SF:lib\presentation\pages\home_series_page.dart
DA:12,1
DA:13,1
DA:17,1
DA:19,1
DA:20,1
DA:21,3
DA:22,1
DA:23,1
DA:24,1
DA:28,1
DA:30,1
DA:31,1
DA:33,1
DA:34,1
DA:36,1
DA:37,1
DA:39,0
DA:40,0
DA:43,0
DA:50,1
DA:51,1
DA:52,1
DA:53,1
DA:54,1
DA:55,1
DA:57,1
DA:58,2
DA:60,1
DA:64,1
DA:66,0
DA:67,0
DA:70,0
DA:77,1
DA:78,1
DA:79,1
DA:80,1
DA:81,1
DA:82,1
DA:84,1
DA:85,2
DA:87,1
DA:91,1
DA:93,0
DA:94,0
DA:97,0
DA:102,1
DA:103,1
DA:104,1
DA:105,1
DA:106,1
DA:107,1
DA:109,1
DA:110,2
DA:112,1
DA:123,1
DA:124,1
DA:126,1
DA:127,1
DA:129,1
DA:131,1
DA:133,1
DA:135,1
DA:136,1
DA:137,1
DA:138,1
LF:65
LH:56
end_of_record
SF:lib\presentation\provider\series_list_notifier.dart
DA:11,2
DA:14,2
DA:17,2
DA:20,2
DA:23,2
DA:26,2
DA:29,2
DA:34,1
DA:40,1
DA:41,1
DA:42,1
DA:44,2
DA:46,2
DA:47,1
DA:48,2
DA:49,1
DA:50,1
DA:51,1
DA:52,1
DA:53,1
DA:57,1
DA:58,1
DA:59,1
DA:61,2
DA:62,2
DA:63,1
DA:64,2
DA:65,1
DA:66,1
DA:67,1
DA:68,1
DA:69,1
DA:73,1
DA:74,1
DA:75,1
DA:77,2
DA:78,2
DA:79,1
DA:80,2
DA:81,1
DA:82,1
DA:83,1
DA:84,1
DA:85,1
LF:44
LH:44
end_of_record
SF:lib\presentation\pages\series_list_page.dart
DA:12,1
DA:15,1
DA:16,1
DA:20,1
DA:22,1
DA:23,1
DA:24,3
DA:25,4
DA:29,1
DA:31,1
DA:32,1
DA:33,4
DA:35,1
DA:36,1
DA:37,1
DA:38,1
DA:39,2
DA:40,1
DA:41,1
DA:43,2
DA:44,1
DA:45,0
DA:46,0
DA:47,0
DA:49,2
DA:52,1
DA:53,1
DA:54,2
LF:28
LH:25
end_of_record
SF:lib\presentation\routes_arguments\series_list_arguments.dart
DA:7,1
LF:1
LH:1
end_of_record
SF:lib\presentation\provider\single_series_list_notifier.dart
DA:14,1
DA:21,2
DA:24,2
DA:27,2
DA:29,1
DA:31,1
DA:32,1
DA:34,1
DA:35,1
DA:37,1
DA:38,1
DA:45,1
DA:46,1
DA:47,1
DA:49,2
DA:50,2
DA:51,2
DA:52,1
DA:53,1
DA:54,1
DA:55,1
DA:56,1
DA:57,1
DA:61,1
DA:62,1
DA:63,1
DA:65,2
DA:66,2
DA:67,2
DA:68,1
DA:69,1
DA:70,1
DA:71,1
DA:72,1
DA:73,1
DA:77,1
DA:78,1
DA:79,1
DA:81,2
DA:82,2
DA:83,2
DA:84,1
DA:85,1
DA:86,1
DA:87,1
DA:88,1
DA:89,1
LF:47
LH:47
end_of_record
SF:lib\presentation\pages\popular_movies_page.dart
DA:10,1
DA:11,1
DA:15,1
DA:17,1
DA:18,2
DA:19,2
DA:20,1
DA:23,1
DA:25,1
DA:26,1
DA:27,1
DA:29,1
DA:31,1
DA:32,1
DA:33,2
DA:34,1
DA:35,1
DA:37,2
DA:38,1
DA:39,0
DA:40,0
DA:41,0
DA:43,2
DA:46,1
DA:47,1
DA:48,2
LF:26
LH:23
end_of_record
SF:lib\presentation\provider\popular_movies_notifier.dart
DA:9,1
DA:12,2
DA:15,2
DA:18,2
DA:20,1
DA:21,1
DA:22,1
DA:24,2
DA:26,1
DA:27,1
DA:28,2
DA:29,1
DA:30,1
DA:32,1
DA:33,1
DA:34,1
DA:35,1
LF:17
LH:17
end_of_record
SF:lib\presentation\pages\top_rated_movies_page.dart
DA:10,1
DA:11,1
DA:15,1
DA:17,1
DA:18,2
DA:19,2
DA:20,1
DA:23,1
DA:25,1
DA:26,1
DA:27,1
DA:29,1
DA:31,1
DA:32,1
DA:33,2
DA:34,1
DA:35,1
DA:37,2
DA:38,1
DA:39,0
DA:40,0
DA:41,0
DA:43,2
DA:46,1
DA:47,1
DA:48,2
LF:26
LH:23
end_of_record
SF:lib\presentation\provider\top_rated_movies_notifier.dart
DA:9,1
DA:12,2
DA:15,2
DA:18,2
DA:20,1
DA:21,1
DA:22,1
DA:24,2
DA:26,1
DA:27,1
DA:28,2
DA:29,1
DA:30,1
DA:32,1
DA:33,1
DA:34,1
DA:35,1
LF:17
LH:17
end_of_record
SF:lib\presentation\provider\search_notifier.dart
DA:12,1
DA:18,2
DA:21,2
DA:24,2
DA:27,2
DA:29,0
DA:30,0
DA:31,0
DA:34,1
DA:35,1
DA:36,1
DA:38,2
DA:39,1
DA:40,1
DA:41,2
DA:42,1
DA:43,1
DA:45,1
DA:46,1
DA:47,1
DA:48,1
DA:53,1
DA:54,1
DA:55,1
DA:57,2
DA:58,1
DA:59,1
DA:60,2
DA:61,1
DA:62,1
DA:64,1
DA:65,1
DA:66,1
DA:67,1
LF:34
LH:31
end_of_record
SF:lib\presentation\provider\watchlist_movie_notifier.dart
DA:8,2
DA:11,2
DA:14,2
DA:16,1
DA:20,1
DA:21,1
DA:22,1
DA:24,2
DA:25,1
DA:26,1
DA:27,1
DA:28,2
DA:29,1
DA:31,1
DA:32,1
DA:33,1
DA:34,1
LF:17
LH:17
end_of_record
